Release 11.3 Map L.57 (lin)
Xilinx Mapping Report File for Design 'flasher'

Design Information
------------------
Command Line   : map flasher.ngd 
Target Device  : xc4vlx25
Target Package : ff668
Target Speed   : -10
Mapper Version : virtex4 -- $Revision: 1.51.18.1 $
Mapped Date    : Thu Oct 15 21:58:01 2009

Design Summary
--------------
Number of errors:      0
Number of warnings:    0
Logic Utilization:
  Number of Slice Flip Flops:            84 out of  21,504    1%
  Number of 4 input LUTs:                 1 out of  21,504    1%
Logic Distribution:
  Number of occupied Slices:             43 out of  10,752    1%
    Number of Slices containing only related logic:      43 out of      43 100%
    Number of Slices containing unrelated logic:          0 out of      43   0%
      *See NOTES below for an explanation of the effects of unrelated logic.
  Total Number of 4 input LUTs:          26 out of  21,504    1%
    Number used as logic:                 1
    Number used as a route-thru:         25

  The Slice Logic Distribution report is not meaningful if the design is
  over-mapped for a non-slice resource or if Placement fails.
  Number of bonded IOBs:                 70 out of     448   15%
    IOB Flip Flops:                      59
  Number of BUFG/BUFGCTRLs:               3 out of      32    9%
    Number used as BUFGs:                 3
  Number of BSCAN_VIRTEX4s:               1 out of       4   25%

Average Fanout of Non-Clock Nets:                1.49

Peak Memory Usage:  234 MB
Total REAL time to MAP completion:  3 secs 
Total CPU time to MAP completion:   3 secs 

NOTES:

   Related logic is defined as being logic that shares connectivity - e.g. two
   LUTs are "related" if they share common inputs.  When assembling slices,
   Map gives priority to combine logic that is related.  Doing so results in
   the best timing performance.

   Unrelated logic shares no connectivity.  Map will only begin packing
   unrelated logic into a slice once 99% of the slices are occupied through
   related logic packing.

   Note that once logic distribution reaches the 99% level through related
   logic packing, this does not mean the device is completely utilized.
   Unrelated logic packing will then begin, continuing until all usable LUTs
   and FFs are occupied.  Depending on your timing budget, increased levels of
   unrelated logic packing may adversely affect the overall timing performance
   of your design.

Table of Contents
-----------------
Section 1 - Errors
Section 2 - Warnings
Section 3 - Informational
Section 4 - Removed Logic Summary
Section 5 - Removed Logic
Section 6 - IOB Properties
Section 7 - RPMs
Section 8 - Guide Report
Section 9 - Area Group and Partition Summary
Section 10 - Modular Design Summary
Section 11 - Timing Report
Section 12 - Configuration String Information
Section 13 - Control Set Information
Section 14 - Utilization by Hierarchy

Section 1 - Errors
------------------

Section 2 - Warnings
--------------------

Section 3 - Informational
-------------------------
INFO:MapLib:562 - No environment variables are currently set.
INFO:MapLib:797 - Your design is targeting LX/SX Production Step 0/1/ES devices.
   Please note that there are new specifications for the DCMs to guarantee
   maximum frequency performance. If the DCM input clock might stop or if the
   DCM reset might be asserted for an extended time, then use of the dcm_standby
   macro may be required. Please see Answer Record 21127.

Section 4 - Removed Logic Summary
---------------------------------
   2 block(s) optimized away

Section 5 - Removed Logic
-------------------------

Optimized Block(s):
TYPE 		BLOCK
GND 		XST_GND
VCC 		XST_VCC

To enable printing of redundant blocks removed and signals merged, set the
detailed map report option and rerun map.

Section 6 - IOB Properties
--------------------------

+---------------------------------------------------------------------------------------------------------------------------------------------------------+
| IOB Name                           | Type             | Direction | IO Standard          | Diff  | Drive    | Slew | Reg (s)      | Resistor | IOB      |
|                                    |                  |           |                      | Term  | Strength | Rate |              |          | Delay    |
+---------------------------------------------------------------------------------------------------------------------------------------------------------+
| clkin                              | IOB              | INPUT     | LVCMOS33             |       |          |      |              |          |          |
| flash_ac97_reset_n                 | IOB              | OUTPUT    | LVCMOS33             |       | 12       | SLOW | OFF1         |          |          |
| flash_adr<0>                       | IOB              | OUTPUT    | LVDCI_33             |       |          |      |              |          |          |
| flash_adr<1>                       | IOB              | OUTPUT    | LVDCI_33             |       |          |      | OFF1         |          |          |
| flash_adr<2>                       | IOB              | OUTPUT    | LVDCI_33             |       |          |      | OFF1         |          |          |
| flash_adr<3>                       | IOB              | OUTPUT    | LVDCI_33             |       |          |      | OFF1         |          |          |
| flash_adr<4>                       | IOB              | OUTPUT    | LVDCI_33             |       |          |      | OFF1         |          |          |
| flash_adr<5>                       | IOB              | OUTPUT    | LVDCI_33             |       |          |      | OFF1         |          |          |
| flash_adr<6>                       | IOB              | OUTPUT    | LVDCI_33             |       |          |      | OFF1         |          |          |
| flash_adr<7>                       | IOB              | OUTPUT    | LVDCI_33             |       |          |      | OFF1         |          |          |
| flash_adr<8>                       | IOB              | OUTPUT    | LVDCI_33             |       |          |      | OFF1         |          |          |
| flash_adr<9>                       | IOB              | OUTPUT    | LVDCI_33             |       |          |      | OFF1         |          |          |
| flash_adr<10>                      | IOB              | OUTPUT    | LVDCI_33             |       |          |      | OFF1         |          |          |
| flash_adr<11>                      | IOB              | OUTPUT    | LVDCI_33             |       |          |      | OFF1         |          |          |
| flash_adr<12>                      | IOB              | OUTPUT    | LVDCI_33             |       |          |      | OFF1         |          |          |
| flash_adr<13>                      | IOB              | OUTPUT    | LVDCI_33             |       |          |      | OFF1         |          |          |
| flash_adr<14>                      | IOB              | OUTPUT    | LVDCI_33             |       |          |      | OFF1         |          |          |
| flash_adr<15>                      | IOB              | OUTPUT    | LVDCI_33             |       |          |      | OFF1         |          |          |
| flash_adr<16>                      | IOB              | OUTPUT    | LVDCI_33             |       |          |      | OFF1         |          |          |
| flash_adr<17>                      | IOB              | OUTPUT    | LVDCI_33             |       |          |      | OFF1         |          |          |
| flash_adr<18>                      | IOB              | OUTPUT    | LVDCI_33             |       |          |      | OFF1         |          |          |
| flash_adr<19>                      | IOB              | OUTPUT    | LVDCI_33             |       |          |      | OFF1         |          |          |
| flash_adr<20>                      | IOB              | OUTPUT    | LVDCI_33             |       |          |      | OFF1         |          |          |
| flash_adr<21>                      | IOB              | OUTPUT    | LVDCI_33             |       |          |      | OFF1         |          |          |
| flash_adr<22>                      | IOB              | OUTPUT    | LVDCI_33             |       |          |      |              |          |          |
| flash_adr<23>                      | IOB              | OUTPUT    | LVDCI_33             |       |          |      |              |          |          |
| flash_adr<24>                      | IOB              | OUTPUT    | LVDCI_33             |       |          |      |              |          |          |
| flash_byte_n                       | IOB              | OUTPUT    | LVDCI_33             |       |          |      |              |          |          |
| flash_ce                           | IOB              | OUTPUT    | LVDCI_33             |       |          |      | OFF1         |          |          |
| flash_d<0>                         | IOB              | OUTPUT    | LVCMOS33             |       | 4        | SLOW | OFF1         | PULLDOWN |          |
| flash_d<1>                         | IOB              | OUTPUT    | LVCMOS33             |       | 4        | SLOW | OFF1         | PULLDOWN |          |
| flash_d<2>                         | IOB              | OUTPUT    | LVCMOS33             |       | 4        | SLOW | OFF1         | PULLDOWN |          |
| flash_d<3>                         | IOB              | OUTPUT    | LVCMOS33             |       | 4        | SLOW | OFF1         | PULLDOWN |          |
| flash_d<4>                         | IOB              | OUTPUT    | LVCMOS33             |       | 4        | SLOW | OFF1         | PULLDOWN |          |
| flash_d<5>                         | IOB              | OUTPUT    | LVCMOS33             |       | 4        | SLOW | OFF1         | PULLDOWN |          |
| flash_d<6>                         | IOB              | OUTPUT    | LVCMOS33             |       | 4        | SLOW | OFF1         | PULLDOWN |          |
| flash_d<7>                         | IOB              | OUTPUT    | LVCMOS33             |       | 4        | SLOW | OFF1         | PULLDOWN |          |
| flash_d<8>                         | IOB              | OUTPUT    | LVCMOS33             |       | 4        | SLOW | OFF1         | PULLDOWN |          |
| flash_d<9>                         | IOB              | OUTPUT    | LVCMOS33             |       | 4        | SLOW | OFF1         | PULLDOWN |          |
| flash_d<10>                        | IOB              | OUTPUT    | LVCMOS33             |       | 4        | SLOW | OFF1         | PULLDOWN |          |
| flash_d<11>                        | IOB              | OUTPUT    | LVCMOS33             |       | 4        | SLOW | OFF1         | PULLDOWN |          |
| flash_d<12>                        | IOB              | OUTPUT    | LVCMOS33             |       | 4        | SLOW | OFF1         | PULLDOWN |          |
| flash_d<13>                        | IOB              | OUTPUT    | LVCMOS33             |       | 4        | SLOW | OFF1         | PULLDOWN |          |
| flash_d<14>                        | IOB              | OUTPUT    | LVCMOS33             |       | 4        | SLOW | OFF1         | PULLDOWN |          |
| flash_d<15>                        | IOB              | OUTPUT    | LVCMOS33             |       | 4        | SLOW | OFF1         | PULLDOWN |          |
| flash_d<16>                        | IOB              | OUTPUT    | LVCMOS33             |       | 4        | SLOW | OFF1         | PULLDOWN |          |
| flash_d<17>                        | IOB              | OUTPUT    | LVCMOS33             |       | 4        | SLOW | OFF1         | PULLDOWN |          |
| flash_d<18>                        | IOB              | OUTPUT    | LVCMOS33             |       | 4        | SLOW | OFF1         | PULLDOWN |          |
| flash_d<19>                        | IOB              | OUTPUT    | LVCMOS33             |       | 4        | SLOW | OFF1         | PULLDOWN |          |
| flash_d<20>                        | IOB              | OUTPUT    | LVCMOS33             |       | 4        | SLOW | OFF1         | PULLDOWN |          |
| flash_d<21>                        | IOB              | OUTPUT    | LVCMOS33             |       | 4        | SLOW | OFF1         | PULLDOWN |          |
| flash_d<22>                        | IOB              | OUTPUT    | LVCMOS33             |       | 4        | SLOW | OFF1         | PULLDOWN |          |
| flash_d<23>                        | IOB              | OUTPUT    | LVCMOS33             |       | 4        | SLOW | OFF1         | PULLDOWN |          |
| flash_d<24>                        | IOB              | OUTPUT    | LVCMOS33             |       | 4        | SLOW | OFF1         | PULLDOWN |          |
| flash_d<25>                        | IOB              | OUTPUT    | LVCMOS33             |       | 4        | SLOW | OFF1         | PULLDOWN |          |
| flash_d<26>                        | IOB              | OUTPUT    | LVCMOS33             |       | 4        | SLOW | OFF1         | PULLDOWN |          |
| flash_d<27>                        | IOB              | OUTPUT    | LVCMOS33             |       | 4        | SLOW | OFF1         | PULLDOWN |          |
| flash_d<28>                        | IOB              | OUTPUT    | LVCMOS33             |       | 4        | SLOW | OFF1         | PULLDOWN |          |
| flash_d<29>                        | IOB              | OUTPUT    | LVCMOS33             |       | 4        | SLOW | OFF1         | PULLDOWN |          |
| flash_d<30>                        | IOB              | OUTPUT    | LVCMOS33             |       | 4        | SLOW | OFF1         | PULLDOWN |          |
| flash_d<31>                        | IOB              | OUTPUT    | LVCMOS33             |       | 4        | SLOW | OFF1         | PULLDOWN |          |
| flash_oe_n                         | IOB              | OUTPUT    | LVDCI_33             |       |          |      | OFF1         |          |          |
| flash_we_n                         | IOB              | OUTPUT    | LVDCI_33             |       |          |      | OFF1         |          |          |
| led<0>                             | IOB              | OUTPUT    | LVCMOS25             |       | 8        | SLOW | OFF1         |          |          |
| led<1>                             | IOB              | OUTPUT    | LVCMOS25             |       | 8        | SLOW |              |          |          |
| led<2>                             | IOB              | OUTPUT    | LVCMOS25             |       | 8        | SLOW |              |          |          |
| led<3>                             | IOB              | OUTPUT    | LVCMOS25             |       | 8        | SLOW | OFF1         |          |          |
| sram_ce_n                          | IOB              | OUTPUT    | LVDCI_33             |       |          |      |              |          |          |
| sram_clk                           | IOB              | OUTPUT    | LVCMOS33             |       | 16       | FAST |              |          |          |
| sram_zz                            | IOB              | OUTPUT    | LVDCI_33             |       |          |      |              |          |          |
+---------------------------------------------------------------------------------------------------------------------------------------------------------+

Section 7 - RPMs
----------------

Section 8 - Guide Report
------------------------
Guide not run on this design.

Section 9 - Area Group and Partition Summary
--------------------------------------------

Partition Implementation Status
-------------------------------

  No Partitions were found in this design.

-------------------------------

Area Group Information
----------------------

  No area groups were found in this design.

----------------------

Section 10 - Modular Design Summary
-----------------------------------
Modular Design not used for this design.

Section 11 - Timing Report
--------------------------
This design was not run using timing mode.

Section 12 - Configuration String Details
-----------------------------------------
Use the "-detail" map option to print out Configuration Strings

Section 13 - Control Set Information
------------------------------------
No control set information for this architecture.

Section 14 - Utilization by Hierarchy
-------------------------------------
Use the "-detail" map option to print out the Utilization by Hierarchy section.
